<?xml version="1.0" encoding="utf-8"?><testsuites name="pytest tests"><testsuite name="pytest" errors="0" failures="0" skipped="0" tests="31" time="181.161" timestamp="2026-04-07T11:35:01.147886+00:00" hostname="agent-env-1dc4904f-6306-422c-aa30-d24aa579662a"><testcase classname="backend.tests.test_student_portal.TestHealthAndCommon" name="test_health_endpoint" time="0.190" /><testcase classname="backend.tests.test_student_portal.TestHealthAndCommon" name="test_common_departments" time="0.137" /><testcase classname="backend.tests.test_student_portal.TestHealthAndCommon" name="test_common_courses" time="0.111" /><testcase classname="backend.tests.test_student_portal.TestHealthAndCommon" name="test_common_subjects" time="0.101" /><testcase classname="backend.tests.test_student_portal.TestAuthentication" name="test_admin_login_success" time="0.362" /><testcase classname="backend.tests.test_student_portal.TestAuthentication" name="test_faculty_login_success" time="0.381" /><testcase classname="backend.tests.test_student_portal.TestAuthentication" name="test_student_login_success" time="0.323" /><testcase classname="backend.tests.test_student_portal.TestAuthentication" name="test_login_invalid_credentials" time="0.111" /><testcase classname="backend.tests.test_student_portal.TestAuthentication" name="test_login_invalid_password" time="0.335" /><testcase classname="backend.tests.test_student_portal.TestAdminEndpoints" name="test_admin_stats" time="0.417" /><testcase classname="backend.tests.test_student_portal.TestAdminEndpoints" name="test_admin_stats_unauthorized" time="0.422" /><testcase classname="backend.tests.test_student_portal.TestAdminEndpoints" name="test_admin_departments_list" time="0.436" /><testcase classname="backend.tests.test_student_portal.TestAdminEndpoints" name="test_admin_courses_list" time="0.438" /><testcase classname="backend.tests.test_student_portal.TestAdminEndpoints" name="test_admin_subjects_list" time="0.438" /><testcase classname="backend.tests.test_student_portal.TestAdminEndpoints" name="test_admin_students_list" time="0.434" /><testcase classname="backend.tests.test_student_portal.TestAdminEndpoints" name="test_admin_faculty_list" time="0.424" /><testcase classname="backend.tests.test_student_portal.TestAdminEndpoints" name="test_admin_assignments_list" time="0.466" /><testcase classname="backend.tests.test_student_portal.TestAdminEndpoints" name="test_admin_users_list" time="0.444" /><testcase classname="backend.tests.test_student_portal.TestAdminEndpoints" name="test_admin_users_filter_by_role" time="0.436" /><testcase classname="backend.tests.test_student_portal.TestFacultyEndpoints" name="test_faculty_assignments" time="0.448" /><testcase classname="backend.tests.test_student_portal.TestFacultyEndpoints" name="test_faculty_subjects" time="0.427" /><testcase classname="backend.tests.test_student_portal.TestFacultyEndpoints" name="test_faculty_assignment_students" time="0.530" /><testcase classname="backend.tests.test_student_portal.TestFacultyEndpoints" name="test_faculty_unauthorized_access" time="0.436" /><testcase classname="backend.tests.test_student_portal.TestStudentEndpoints" name="test_student_profile" time="0.442" /><testcase classname="backend.tests.test_student_portal.TestStudentEndpoints" name="test_student_attendance" time="0.415" /><testcase classname="backend.tests.test_student_portal.TestStudentEndpoints" name="test_student_marks" time="0.429" /><testcase classname="backend.tests.test_student_portal.TestStudentEndpoints" name="test_student_materials" time="0.417" /><testcase classname="backend.tests.test_student_portal.TestStudentEndpoints" name="test_student_unauthorized_access" time="0.482" /><testcase classname="backend.tests.test_student_portal.TestStudentEndpoints" name="test_student_cannot_access_faculty" time="0.460" /><testcase classname="backend.tests.test_student_portal.TestCRUDOperations" name="test_create_department" time="169.385" /><testcase classname="backend.tests.test_student_portal.TestCRUDOperations" name="test_toggle_user_status" time="0.754" /></testsuite></testsuites>